\BOOKMARK [0][-]{chapter.1}{greekgreek\265 \040 \040\337\265}{}% 1
\BOOKMARK [1][-]{section.1.1}{greekgreek \040\337\265}{chapter.1}% 2
\BOOKMARK [1][-]{section.1.2}{greekgreek \265 \040\337\265}{chapter.1}% 3
\BOOKMARK [1][-]{section.1.3}{greekgreek }{chapter.1}% 4
\BOOKMARK [2][-]{subsection.1.3.1}{greekgreek}{section.1.3}% 5
\BOOKMARK [2][-]{subsection.1.3.2}{greekgreek \040 \040\265 \(greekenglishObject Detection\)}{section.1.3}% 6
\BOOKMARK [0][-]{chapter.2}{greekgreek \040\265 \(greekenglishDataset\)}{}% 7
\BOOKMARK [1][-]{section.2.1}{greekgreek \040greekenglishDataset}{chapter.2}% 8
\BOOKMARK [1][-]{section.2.2}{greekgreek \040 greekenglishDataset}{chapter.2}% 9
\BOOKMARK [1][-]{section.2.3}{greekgreek \040 greekenglishDataset}{chapter.2}% 10
\BOOKMARK [0][-]{chapter.3}{greekgreek- \265}{}% 11
\BOOKMARK [1][-]{section.3.1}{greekgreek \040\265 \265}{chapter.3}% 12
\BOOKMARK [1][-]{section.3.2}{greekgreek greekenglishAnnotations}{chapter.3}% 13
\BOOKMARK [1][-]{section.3.3}{greekgreek \040 }{chapter.3}% 14
\BOOKMARK [1][-]{section.3.4}{\265 \040 }{chapter.3}% 15
\BOOKMARK [0][-]{chapter.4}{greekgreek \265}{}% 16
\BOOKMARK [1][-]{section.4.1}{greekgreek \265 \040greekenglishBounding Boxes}{chapter.4}% 17
\BOOKMARK [1][-]{section.4.2}{greekgreek \040 \040greekenglishLabels}{chapter.4}% 18
\BOOKMARK [1][-]{section.4.3}{greekgreek\265 \040greekenglishFold \(Cross-Validation\)}{chapter.4}% 19
\BOOKMARK [1][-]{section.4.4}{greekgreek \)}{chapter.4}% 20
\BOOKMARK [1][-]{section.4.5}{greekgreek }{chapter.4}% 21
\BOOKMARK [1][-]{section.4.6}{greekgreek }{chapter.4}% 22
\BOOKMARK [2][-]{subsection.4.6.1}{greekenglishAccuracy}{section.4.6}% 23
\BOOKMARK [2][-]{subsection.4.6.2}{greekenglishPrecision}{section.4.6}% 24
\BOOKMARK [2][-]{subsection.4.6.3}{greekenglishRecall}{section.4.6}% 25
\BOOKMARK [2][-]{subsection.4.6.4}{greekenglishF1 Score}{section.4.6}% 26
\BOOKMARK [2][-]{subsection.4.6.5}{greekenglishmAP Over Epochs}{section.4.6}% 27
\BOOKMARK [0][-]{chapter.5}{greekgreek }{}% 28
\BOOKMARK [1][-]{section.5.1}{greekenglishYOLOv8n}{chapter.5}% 29
\BOOKMARK [1][-]{section.5.2}{greekenglishYOLOv11n}{chapter.5}% 30
\BOOKMARK [1][-]{section.5.3}{greekenglishYOLOv11m}{chapter.5}% 31
\BOOKMARK [1][-]{section.5.4}{greekenglishDetectron2 R-CNN}{chapter.5}% 32
\BOOKMARK [0][-]{chapter.6}{greekgreek -\265}{}% 33
\BOOKMARK [1][-]{section.6.1}{greekgreek\265 \265 \040}{chapter.6}% 34
\BOOKMARK [1][-]{section.6.2}{englishgreek }{chapter.6}% 35
\BOOKMARK [1][-]{section.6.3}{englishgreek \040}{chapter.6}% 36
\BOOKMARK [1][-]{section.6.4}{englishgreek \040}{chapter.6}% 37
\BOOKMARK [0][-]{chapter.7}{greekgreek \040 }{}% 38
\BOOKMARK [1][-]{section.7.1}{greekgreek }{chapter.7}% 39
\BOOKMARK [1][-]{section.7.2}{greekgreek }{chapter.7}% 40
\BOOKMARK [2][-]{subsection.7.2.1}{greekenglishAccuracy}{section.7.2}% 41
\BOOKMARK [2][-]{subsection.7.2.2}{greekenglishPrecision}{section.7.2}% 42
\BOOKMARK [2][-]{subsection.7.2.3}{greekenglishRecall}{section.7.2}% 43
\BOOKMARK [2][-]{subsection.7.2.4}{greekenglishF1 Score}{section.7.2}% 44
